<?xml version="1.0" encoding="UTF-8"?>
<!-- Generated by org.testng.reporters.JUnitReportReporter -->
<testsuite hostname="WLEMXMEX1-10952" failures="0" tests="1" name="test.TestPageAltaVehi" time="100.073" errors="0" timestamp="2021-12-01T16:47:52 CST" skipped="0">
  <testcase classname="test.TestPageAltaVehi" name="Test" time="100.073"/>
  <system-out/>
</testsuite> <!-- test.TestPageAltaVehi -->
